

CmdLine:	C:\Users\Administrator\Documents\OfficeDrive_Advanced_installer\OfficeDriveClient.exe --l4j-debug
WOW64:		no
Working dir:	C:\Users\Administrator\Documents\OfficeDrive_Advanced_installer\%LOCALAPPDATA%\OfficeDrive
Check launcher:	 (n/a)
64-bit search:	SOFTWARE\JavaSoft\Java Runtime Environment...
32-bit search:	SOFTWARE\JavaSoft\Java Runtime Environment...
Ignore:		SOFTWARE\JavaSoft\Java Runtime Environment\1.6
Match:		SOFTWARE\JavaSoft\Java Runtime Environment\1.6.0_01
Match:		SOFTWARE\JavaSoft\Java Runtime Environment\1.6.0_45
Match:		SOFTWARE\JavaSoft\Java Runtime Environment\1.7
Match:		SOFTWARE\JavaSoft\Java Runtime Environment\1.7.0_21
64-bit search:	SOFTWARE\JavaSoft\Java Development Kit...
32-bit search:	SOFTWARE\JavaSoft\Java Development Kit...
Ignore:		SOFTWARE\JavaSoft\Java Development Kit\1.6
Ignore:		SOFTWARE\JavaSoft\Java Development Kit\1.6.0_45
Check launcher:	C:\Program Files\Java\jre7\bin\javaw.exe (OK)
Launcher:	C:\Program Files\Java\jre7\bin\javaw.exe
Launcher args:	-jar "C:\Users\Administrator\Documents\OfficeDrive_Advanced_installer\OfficeDriveClient.exe"
Args length:	92/32768 chars
Exit code:	0


CmdLine:	C:\Users\Administrator\Documents\OfficeDrive_Advanced_installer\OfficeDriveClient.exe --l4j-debug
WOW64:		no
Working dir:	C:\Users\Administrator\Documents\OfficeDrive_Advanced_installer\%LOCALAPPDATA%\OfficeDrive
Check launcher:	 (n/a)
64-bit search:	SOFTWARE\JavaSoft\Java Runtime Environment...
32-bit search:	SOFTWARE\JavaSoft\Java Runtime Environment...
Ignore:		SOFTWARE\JavaSoft\Java Runtime Environment\1.6
Match:		SOFTWARE\JavaSoft\Java Runtime Environment\1.6.0_01
Match:		SOFTWARE\JavaSoft\Java Runtime Environment\1.6.0_45
Match:		SOFTWARE\JavaSoft\Java Runtime Environment\1.7
Match:		SOFTWARE\JavaSoft\Java Runtime Environment\1.7.0_21
64-bit search:	SOFTWARE\JavaSoft\Java Development Kit...
32-bit search:	SOFTWARE\JavaSoft\Java Development Kit...
Ignore:		SOFTWARE\JavaSoft\Java Development Kit\1.6
Ignore:		SOFTWARE\JavaSoft\Java Development Kit\1.6.0_45
Check launcher:	C:\Program Files\Java\jre7\bin\javaw.exe (OK)
Launcher:	C:\Program Files\Java\jre7\bin\javaw.exe
Launcher args:	-jar "C:\Users\Administrator\Documents\OfficeDrive_Advanced_installer\OfficeDriveClient.exe"
Args length:	92/32768 chars
Exit code:	0
